TN:
SF:src/ejercicio-1.ts
FN:26,<instance_members_initializer>
FN:27,Magazine
FN:49,<instance_members_initializer>
FN:52,Publisher
FN:58,subscribe
FN:71,unsubscribe
FN:85,notify
FN:92,publish
FN:100,<instance_members_initializer>
FN:101,Reader
FN:107,update
FNF:11
FNH:11
FNDA:1,<instance_members_initializer>
FNDA:1,Magazine
FNDA:1,<instance_members_initializer>
FNDA:1,Publisher
FNDA:4,subscribe
FNDA:2,unsubscribe
FNDA:1,notify
FNDA:1,publish
FNDA:2,<instance_members_initializer>
FNDA:2,Reader
FNDA:2,update
DA:1,1
DA:2,1
DA:3,1
DA:4,1
DA:5,1
DA:6,1
DA:7,1
DA:8,1
DA:9,1
DA:10,1
DA:11,1
DA:12,1
DA:13,1
DA:14,1
DA:15,1
DA:16,1
DA:17,1
DA:18,1
DA:19,1
DA:20,1
DA:21,1
DA:22,1
DA:23,1
DA:24,1
DA:25,1
DA:26,1
DA:27,1
DA:28,1
DA:29,1
DA:30,1
DA:31,1
DA:32,1
DA:33,1
DA:34,1
DA:35,1
DA:36,1
DA:37,1
DA:38,1
DA:39,1
DA:40,1
DA:41,1
DA:42,1
DA:43,1
DA:44,1
DA:45,1
DA:46,1
DA:47,1
DA:48,1
DA:49,1
DA:50,1
DA:51,1
DA:52,1
DA:53,1
DA:54,1
DA:55,1
DA:56,1
DA:57,1
DA:58,1
DA:59,4
DA:60,1
DA:61,1
DA:62,3
DA:63,3
DA:64,3
DA:65,4
DA:66,1
DA:67,1
DA:68,1
DA:69,1
DA:70,1
DA:71,1
DA:72,2
DA:73,2
DA:74,1
DA:75,1
DA:76,1
DA:77,1
DA:78,1
DA:79,2
DA:80,1
DA:81,1
DA:82,1
DA:83,1
DA:84,1
DA:85,1
DA:86,1
DA:87,1
DA:88,1
DA:89,1
DA:90,1
DA:91,1
DA:92,1
DA:93,1
DA:94,1
DA:95,1
DA:96,1
DA:97,1
DA:98,1
DA:99,1
DA:100,1
DA:101,2
DA:102,2
DA:103,2
DA:104,2
DA:105,2
DA:106,2
DA:107,2
DA:108,2
DA:109,2
DA:110,2
LF:110
LH:110
BRDA:26,0,0,1
BRDA:27,1,0,1
BRDA:49,2,0,1
BRDA:52,3,0,1
BRDA:58,4,0,4
BRDA:59,5,0,1
BRDA:62,6,0,3
BRDA:71,7,0,2
BRDA:73,8,0,1
BRDA:85,9,0,1
BRDA:86,10,0,2
BRDA:92,11,0,1
BRDA:100,12,0,2
BRDA:101,13,0,2
BRDA:107,14,0,2
BRF:15
BRH:15
end_of_record
